  ECE_Ghost.cpp
E:\360MoveData\Users\user\Desktop\Final_Project\Final_Pacman_Solution\ECE_Ghost.cpp(20,20): warning C4244: “初始化”: 从“float”转换到“int”，可能丢失数据
E:\360MoveData\Users\user\Desktop\Final_Project\Final_Pacman_Solution\ECE_Ghost.cpp(21,20): warning C4244: “初始化”: 从“float”转换到“int”，可能丢失数据
E:\360MoveData\Users\user\Desktop\Final_Project\Final_Pacman_Solution\ECE_Ghost.cpp(22,18): warning C4244: “初始化”: 从“float”转换到“int”，可能丢失数据
E:\360MoveData\Users\user\Desktop\Final_Project\Final_Pacman_Solution\ECE_Ghost.cpp(23,18): warning C4244: “初始化”: 从“float”转换到“int”，可能丢失数据
E:\360MoveData\Users\user\Desktop\Final_Project\Final_Pacman_Solution\ECE_Ghost.cpp(39,32): warning C4244: “参数”: 从“speed”转换到“DWORD”，可能丢失数据
E:\360MoveData\Users\user\Desktop\Final_Project\Final_Pacman_Solution\ECE_Ghost.cpp(58,32): warning C4244: “参数”: 从“speed”转换到“DWORD”，可能丢失数据
E:\360MoveData\Users\user\Desktop\Final_Project\Final_Pacman_Solution\ECE_Ghost.cpp(121,35): warning C4305: “参数”: 从“double”到“GLfloat”截断
E:\360MoveData\Users\user\Desktop\Final_Project\Final_Pacman_Solution\ECE_Ghost.cpp(145,45): warning C4244: “=”: 从“float”转换到“int”，可能丢失数据
E:\360MoveData\Users\user\Desktop\Final_Project\Final_Pacman_Solution\ECE_Ghost.cpp(146,33): warning C4244: “=”: 从“float”转换到“int”，可能丢失数据
E:\360MoveData\Users\user\Desktop\Final_Project\Final_Pacman_Solution\ECE_Ghost.cpp(157,45): warning C4244: “=”: 从“float”转换到“int”，可能丢失数据
E:\360MoveData\Users\user\Desktop\Final_Project\Final_Pacman_Solution\ECE_Ghost.cpp(158,33): warning C4244: “=”: 从“float”转换到“int”，可能丢失数据
E:\360MoveData\Users\user\Desktop\Final_Project\Final_Pacman_Solution\ECE_Ghost.cpp(168,33): warning C4244: “=”: 从“float”转换到“int”，可能丢失数据
E:\360MoveData\Users\user\Desktop\Final_Project\Final_Pacman_Solution\ECE_Ghost.cpp(169,45): warning C4244: “=”: 从“float”转换到“int”，可能丢失数据
E:\360MoveData\Users\user\Desktop\Final_Project\Final_Pacman_Solution\ECE_Ghost.cpp(185,33): warning C4244: “=”: 从“float”转换到“int”，可能丢失数据
E:\360MoveData\Users\user\Desktop\Final_Project\Final_Pacman_Solution\ECE_Ghost.cpp(186,45): warning C4244: “=”: 从“float”转换到“int”，可能丢失数据
  ECE_Pacman.cpp
E:\360MoveData\Users\user\Desktop\Final_Project\Final_Pacman_Solution\ECE_Pacman.cpp(64,15): warning C4244: “初始化”: 从“float”转换到“int”，可能丢失数据
E:\360MoveData\Users\user\Desktop\Final_Project\Final_Pacman_Solution\ECE_Pacman.cpp(65,15): warning C4244: “初始化”: 从“float”转换到“int”，可能丢失数据
E:\360MoveData\Users\user\Desktop\Final_Project\Final_Pacman_Solution\ECE_Pacman.cpp(92,15): warning C4244: “初始化”: 从“float”转换到“int”，可能丢失数据
E:\360MoveData\Users\user\Desktop\Final_Project\Final_Pacman_Solution\ECE_Pacman.cpp(93,15): warning C4244: “初始化”: 从“float”转换到“int”，可能丢失数据
E:\360MoveData\Users\user\Desktop\Final_Project\Final_Pacman_Solution\ECE_Pacman.cpp(120,15): warning C4244: “初始化”: 从“float”转换到“int”，可能丢失数据
E:\360MoveData\Users\user\Desktop\Final_Project\Final_Pacman_Solution\ECE_Pacman.cpp(121,15): warning C4244: “初始化”: 从“float”转换到“int”，可能丢失数据
E:\360MoveData\Users\user\Desktop\Final_Project\Final_Pacman_Solution\ECE_Pacman.cpp(154,19): warning C4244: “初始化”: 从“float”转换到“int”，可能丢失数据
E:\360MoveData\Users\user\Desktop\Final_Project\Final_Pacman_Solution\ECE_Pacman.cpp(155,19): warning C4244: “初始化”: 从“float”转换到“int”，可能丢失数据
  findpath.cpp
  GameControl.cpp
  main.cpp
E:\360MoveData\Users\user\Desktop\Final_Project\Final_Pacman_Solution\main.cpp(182,48): warning C4305: “参数”: 从“double”到“GLfloat”截断
E:\360MoveData\Users\user\Desktop\Final_Project\Final_Pacman_Solution\main.cpp(680,25): warning C4244: “参数”: 从“int”转换到“GLfloat”，可能丢失数据
E:\360MoveData\Users\user\Desktop\Final_Project\Final_Pacman_Solution\main.cpp(680,22): warning C4244: “参数”: 从“int”转换到“GLfloat”，可能丢失数据
E:\360MoveData\Users\user\Desktop\Final_Project\Final_Pacman_Solution\main.cpp(680,19): warning C4244: “参数”: 从“int”转换到“GLfloat”，可能丢失数据
  正在生成代码...
  Final_Pacman.vcxproj -> E:\360MoveData\Users\user\Desktop\Final_Project\Final_Pacman_Solution\x64\Debug\Final_Pacman.exe
